  Circuit.cpp
C:\Users\USER\Desktop\대학교과제2학년2학기\3학년2학기\네트워크게임프로그래밍\넷겜플텀프\Circuit_ServerProject\Circuit\Common.h(1,9): warning C4005: '_CRT_SECURE_NO_WARNINGS': 매크로 재정의
  (소스 파일 'Circuit.cpp'을(를) 컴파일하는 중)
      C:\Users\USER\Desktop\대학교과제2학년2학기\3학년2학기\네트워크게임프로그래밍\넷겜플텀프\Circuit_ServerProject\Circuit\Common.h(1,9):
      이전에 명령줄에서 선언된 '_CRT_SECURE_NO_WARNINGS'
  
  Common.cpp
C:\Users\USER\Desktop\대학교과제2학년2학기\3학년2학기\네트워크게임프로그래밍\넷겜플텀프\Circuit_ServerProject\Circuit\Common.h(1,9): warning C4005: '_CRT_SECURE_NO_WARNINGS': 매크로 재정의
  (소스 파일 'Common.cpp'을(를) 컴파일하는 중)
      C:\Users\USER\Desktop\대학교과제2학년2학기\3학년2학기\네트워크게임프로그래밍\넷겜플텀프\Circuit_ServerProject\Circuit\Common.h(1,9):
      이전에 명령줄에서 선언된 '_CRT_SECURE_NO_WARNINGS'
  
  NetworkManager.cpp
C:\Users\USER\Desktop\대학교과제2학년2학기\3학년2학기\네트워크게임프로그래밍\넷겜플텀프\Circuit_ServerProject\Circuit\Common.h(1,9): warning C4005: '_CRT_SECURE_NO_WARNINGS': 매크로 재정의
  (소스 파일 'NetworkManager.cpp'을(를) 컴파일하는 중)
      C:\Users\USER\Desktop\대학교과제2학년2학기\3학년2학기\네트워크게임프로그래밍\넷겜플텀프\Circuit_ServerProject\Circuit\Common.h(1,9):
      이전에 명령줄에서 선언된 '_CRT_SECURE_NO_WARNINGS'
  
  코드를 생성하고 있습니다.
  0 of 446 functions ( 0.0%) were compiled, the rest were copied from previous compilation.
    0 functions were new in current compilation
    1 functions had inline decision re-evaluated but remain unchanged
  코드를 생성했습니다.
  Circuit.vcxproj -> C:\Users\USER\Desktop\대학교과제2학년2학기\3학년2학기\네트워크게임프로그래밍\넷겜플텀프\Circuit_ServerProject\x64\Release\Circuit.exe
